c:\users\windowsmobile\source\repos\project2\project2_main_static\x64\debug\vc143.pdb
c:\users\windowsmobile\source\repos\project2\project2_main_static\x64\debug\file management class.nativecodeanalysis.sarif
c:\users\windowsmobile\source\repos\project2\project2_main_static\x64\debug\file management class.nativecodeanalysis.xml
c:\users\windowsmobile\source\repos\project2\project2_main_static\x64\debug\main.nativecodeanalysis.sarif
c:\users\windowsmobile\source\repos\project2\project2_main_static\x64\debug\main.nativecodeanalysis.xml
c:\users\windowsmobile\source\repos\project2\project2_main_static\x64\debug\.netframework,version=v4.7.2.assemblyattributes.nativecodeanalysis.sarif
c:\users\windowsmobile\source\repos\project2\project2_main_static\x64\debug\.netframework,version=v4.7.2.assemblyattributes.nativecodeanalysis.xml
c:\users\windowsmobile\source\repos\project2\project2_main_static\x64\debug\.netframework,version=v4.7.2.assemblyattributes.obj
c:\users\windowsmobile\source\repos\project2\project2_main_static\x64\debug\main.obj
c:\users\windowsmobile\source\repos\project2\project2_main_static\x64\debug\file management class.obj
c:\users\windowsmobile\source\repos\project2\project2_main_static\x64\debug\project2_main_static.exe
c:\users\windowsmobile\source\repos\project2\project2_main_static\x64\debug\project2_main_static.pdb
c:\users\windowsmobile\source\repos\project2\project2_main_static\x64\debug\vc.nativecodeanalysis.all.xml
c:\users\windowsmobile\source\repos\project2\project2_main_static\x64\debug\project2_main_static.exe.metagen
c:\users\windowsmobile\source\repos\project2\project2_main_static\x64\debug\project2.0ebbf440.tlog\cl.command.1.tlog
c:\users\windowsmobile\source\repos\project2\project2_main_static\x64\debug\project2.0ebbf440.tlog\cl.items.tlog
c:\users\windowsmobile\source\repos\project2\project2_main_static\x64\debug\project2.0ebbf440.tlog\cl.read.1.tlog
c:\users\windowsmobile\source\repos\project2\project2_main_static\x64\debug\project2.0ebbf440.tlog\cl.write.1.tlog
c:\users\windowsmobile\source\repos\project2\project2_main_static\x64\debug\project2.0ebbf440.tlog\link.command.1.tlog
c:\users\windowsmobile\source\repos\project2\project2_main_static\x64\debug\project2.0ebbf440.tlog\link.read.1.tlog
c:\users\windowsmobile\source\repos\project2\project2_main_static\x64\debug\project2.0ebbf440.tlog\link.write.1.tlog
c:\users\windowsmobile\source\repos\project2\project2_main_static\x64\debug\project2.0ebbf440.tlog\metagen.read.1.tlog
c:\users\windowsmobile\source\repos\project2\project2_main_static\x64\debug\project2.0ebbf440.tlog\metagen.write.1.tlog
